#
# A fatal error has been detected by the Java Runtime Environment:
#
#  EXCEPTION_ACCESS_VIOLATION (0xc0000005) at pc=0x000000006d585988, pid=3828, tid=3152
#
# JRE version: Java(TM) SE Runtime Environment (8.0_51-b16) (build 1.8.0_51-b16)
# Java VM: Java HotSpot(TM) 64-Bit Server VM (25.51-b03 mixed mode windows-amd64 compressed oops)
# Problematic frame:
# C  [sqlite-3.8.11.2-2cc3dc9d-88fd-41cc-99c0-91e38117d72a-sqlitejdbc.dll+0x5988]
#
# Failed to write core dump. Minidumps are not enabled by default on client versions of Windows
#
# If you would like to submit a bug report, please visit:
#   http://bugreport.java.com/bugreport/crash.jsp
# The crash happened outside the Java Virtual Machine in native code.
# See problematic frame for where to report the bug.
#

---------------  T H R E A D  ---------------

Current thread (0x00000000570f1800):  JavaThread "AWT-EventQueue-0" [_thread_in_native, id=3152, stack(0x0000000058190000,0x0000000058290000)]

siginfo: ExceptionCode=0xc0000005, reading address 0x0000000000000000

Registers:
RAX=0x000000006d582330, RBX=0x00000000570f19f8, RCX=0x0000000000000000, RDX=0x0000000000000000
RSP=0x000000005828c7b0, RBP=0x000000005828c8d8, RSI=0x0000000054290488, RDI=0x00000000000cf9d0
R8 =0x000000006d5b0b10, R9 =0x0000000000000000, R10=0x00000000028268df, R11=0x0000000073367bb0
R12=0x0000000000000000, R13=0x0000000058b39db8, R14=0x000000005828c910, R15=0x00000000570f1800
RIP=0x000000006d585988, EFLAGS=0x0000000000010202

Top of Stack: (sp=0x000000005828c7b0)
0x000000005828c7b0:   000000005828c9b0 00000000570f1800
0x000000005828c7c0:   00000000ec69c718 0000000073233aa1
0x000000005828c7d0:   00000000142a1770 0000000000000001
0x000000005828c7e0:   00000000570f1800 00000000570f19f8
0x000000005828c7f0:   0000000054290488 00000000000cf9d0
0x000000005828c800:   000000005828c8d8 000000006d582343
0x000000005828c810:   0000000000000001 0000000000000001
0x000000005828c820:   0000000000000000 000001a400000282
0x000000005828c830:   0000000058b39db8 000000000282690b
0x000000005828c840:   0000000056fbf910 00000000731f9fad
0x000000005828c850:   000000005828d7d8 0000000054290488
0x000000005828c860:   0000000054350b1d 00000000570f1800
0x000000005828c870:   00000000000cf9d0 00000000028332bf
0x000000005828c880:   00000000570f1800 00000000000000bd
0x000000005828c890:   00000000ec699490 000000005828c888
0x000000005828c8a0:   0000000000000000 000000005828c910 

Instructions: (pc=0x000000006d585988)
0x000000006d585968:   83 79 28 00 74 07 0f b7 81 88 00 00 00 f3 c3 66
0x000000006d585978:   0f 1f 84 00 00 00 00 00 55 57 56 53 48 83 ec 38
0x000000006d585988:   48 8b 31 0f b7 81 88 00 00 00 85 d2 48 89 cb 4c
0x000000006d585998:   89 c7 78 74 39 c2 7d 70 44 89 cd 48 8b 4e 18 0f 


Register to memory mapping:

RAX=0x000000006d582330 is an unknown value
RBX=0x00000000570f19f8 is an unknown value
RCX=0x0000000000000000 is an unknown value
RDX=0x0000000000000000 is an unknown value
RSP=0x000000005828c7b0 is pointing into the stack for thread: 0x00000000570f1800
RBP=0x000000005828c8d8 is pointing into the stack for thread: 0x00000000570f1800
RSI={method} {0x0000000054290490} '<init>' '()V' in 'java/lang/Object'
RDI=0x00000000000cf9d0 is an unknown value
R8 =0x000000006d5b0b10 is an unknown value
R9 =0x0000000000000000 is an unknown value
R10=0x00000000028268df is at code_begin+1215 in an Interpreter codelet
method entry point (kind = native_synchronized)  [0x0000000002826420, 0x0000000002826ee0]  2752 bytes
R11=0x0000000073367bb0 is an unknown value
R12=0x0000000000000000 is an unknown value
R13={method} {0x0000000058b39dc0} 'column_name' '(JI)Ljava/lang/String;' in 'org/sqlite/core/NativeDB'
R14=0x000000005828c910 is pointing into the stack for thread: 0x00000000570f1800
R15=0x00000000570f1800 is a thread


Stack: [0x0000000058190000,0x0000000058290000],  sp=0x000000005828c7b0,  free space=1009k
Native frames: (J=compiled Java code, j=interpreted, Vv=VM code, C=native code)
C  [sqlite-3.8.11.2-2cc3dc9d-88fd-41cc-99c0-91e38117d72a-sqlitejdbc.dll+0x5988]
C  [sqlite-3.8.11.2-2cc3dc9d-88fd-41cc-99c0-91e38117d72a-sqlitejdbc.dll+0x2343]
C  0x000000000282690b

Java frames: (J=compiled Java code, j=interpreted, Vv=VM code)
j  org.sqlite.core.NativeDB.column_name(JI)Ljava/lang/String;+0
j  org.sqlite.jdbc3.JDBC3ResultSet.getColumnName(I)Ljava/lang/String;+16
j  org.sqlite.jdbc3.JDBC3ResultSet.getColumnLabel(I)Ljava/lang/String;+2
j  net.proteanit.sql.DbUtils.resultSetToTableModel(Ljava/sql/ResultSet;)Ljavax/swing/table/TableModel;+37
j  PatientPersonalInfoMenuDeneme.createTable(Ljava/lang/String;Ljava/sql/ResultSet;)V+24
j  PatientPersonalInfoMenuDeneme.DiagnosesButtonActionPerformed(Ljava/awt/event/ActionEvent;)V+43
j  PatientPersonalInfoMenuDeneme.access$600(LPatientPersonalInfoMenuDeneme;Ljava/awt/event/ActionEvent;)V+2
j  PatientPersonalInfoMenuDeneme$7.actionPerformed(Ljava/awt/event/ActionEvent;)V+5
j  javax.swing.AbstractButton.fireActionPerformed(Ljava/awt/event/ActionEvent;)V+83
j  javax.swing.AbstractButton$Handler.actionPerformed(Ljava/awt/event/ActionEvent;)V+5
j  javax.swing.DefaultButtonModel.fireActionPerformed(Ljava/awt/event/ActionEvent;)V+34
j  javax.swing.DefaultButtonModel.setPressed(Z)V+117
j  javax.swing.plaf.basic.BasicButtonListener.mouseReleased(Ljava/awt/event/MouseEvent;)V+35
j  java.awt.Component.processMouseEvent(Ljava/awt/event/MouseEvent;)V+64
j  javax.swing.JComponent.processMouseEvent(Ljava/awt/event/MouseEvent;)V+23
j  java.awt.Component.processEvent(Ljava/awt/AWTEvent;)V+81
J 1682 C1 java.awt.Container.processEvent(Ljava/awt/AWTEvent;)V (22 bytes) @ 0x0000000002d44d34 [0x0000000002d44a20+0x314]
J 1359 C1 java.awt.Component.dispatchEventImpl(Ljava/awt/AWTEvent;)V (883 bytes) @ 0x0000000002c7759c [0x0000000002c72240+0x535c]
J 1514 C1 java.awt.Container.dispatchEventImpl(Ljava/awt/AWTEvent;)V (129 bytes) @ 0x0000000002ced684 [0x0000000002ced540+0x144]
J 1583 C1 java.awt.Component.dispatchEvent(Ljava/awt/AWTEvent;)V (6 bytes) @ 0x000000000299b4fc [0x000000000299b400+0xfc]
j  java.awt.LightweightDispatcher.retargetMouseEvent(Ljava/awt/Component;ILjava/awt/event/MouseEvent;)V+327
j  java.awt.LightweightDispatcher.processMouseEvent(Ljava/awt/event/MouseEvent;)Z+143
J 1726 C1 java.awt.LightweightDispatcher.dispatchEvent(Ljava/awt/AWTEvent;)Z (73 bytes) @ 0x0000000002d80da4 [0x0000000002d80980+0x424]
J 1514 C1 java.awt.Container.dispatchEventImpl(Ljava/awt/AWTEvent;)V (129 bytes) @ 0x0000000002ced624 [0x0000000002ced540+0xe4]
J 1586 C1 java.awt.Window.dispatchEventImpl(Ljava/awt/AWTEvent;)V (23 bytes) @ 0x000000000294f0bc [0x000000000294eb00+0x5bc]
J 1391 C1 java.awt.EventQueue.dispatchEventImpl(Ljava/awt/AWTEvent;Ljava/lang/Object;)V (149 bytes) @ 0x0000000002c8facc [0x0000000002c8e300+0x17cc]
J 1389 C1 java.awt.EventQueue$3.run()Ljava/lang/Void; (60 bytes) @ 0x0000000002c8d704 [0x0000000002c8d500+0x204]
J 1388 C1 java.awt.EventQueue$3.run()Ljava/lang/Object; (5 bytes) @ 0x0000000002c8d18c [0x0000000002c8d100+0x8c]
v  ~StubRoutines::call_stub
J 1152  java.security.AccessController.doPrivileged(Ljava/security/PrivilegedAction;Ljava/security/AccessControlContext;)Ljava/lang/Object; (0 bytes) @ 0x0000000002bdca66 [0x0000000002bdca00+0x66]
J 1112 C1 java.security.ProtectionDomain$1.doIntersectionPrivilege(Ljava/security/PrivilegedAction;Ljava/security/AccessControlContext;Ljava/security/AccessControlContext;)Ljava/lang/Object; (32 bytes) @ 0x0000000002bc68ac [0x0000000002bc65c0+0x2ec]
J 1555 C1 java.awt.EventQueue$4.run()Ljava/lang/Object; (5 bytes) @ 0x0000000002d001cc [0x0000000002cffde0+0x3ec]
v  ~StubRoutines::call_stub
J 1152  java.security.AccessController.doPrivileged(Ljava/security/PrivilegedAction;Ljava/security/AccessControlContext;)Ljava/lang/Object; (0 bytes) @ 0x0000000002bdca66 [0x0000000002bdca00+0x66]
J 1322 C1 java.awt.EventQueue.dispatchEvent(Ljava/awt/AWTEvent;)V (80 bytes) @ 0x0000000002c4e2c4 [0x0000000002c4d640+0xc84]
J 1329 C1 java.awt.EventDispatchThread.pumpOneEventForFilters(I)V (295 bytes) @ 0x0000000002c52134 [0x0000000002c50500+0x1c34]
j  java.awt.EventDispatchThread.pumpEventsForFilter(ILjava/awt/Conditional;Ljava/awt/EventFilter;)V+35
j  java.awt.EventDispatchThread.pumpEventsForHierarchy(ILjava/awt/Conditional;Ljava/awt/Component;)V+11
j  java.awt.EventDispatchThread.pumpEvents(ILjava/awt/Conditional;)V+4
j  java.awt.EventDispatchThread.pumpEvents(Ljava/awt/Conditional;)V+3
j  java.awt.EventDispatchThread.run()V+9
v  ~StubRoutines::call_stub

---------------  P R O C E S S  ---------------

Java Threads: ( => current thread )
  0x00000000573ae000 JavaThread "SeedGenerator Thread" daemon [_thread_blocked, id=3412, stack(0x0000000058fa0000,0x00000000590a0000)]
  0x000000005737f800 JavaThread "Abandoned connection cleanup thread" daemon [_thread_blocked, id=3760, stack(0x0000000058c50000,0x0000000058d50000)]
  0x000000005710b800 JavaThread "TimerQueue" daemon [_thread_blocked, id=668, stack(0x0000000058d80000,0x0000000058e80000)]
  0x00000000003bf000 JavaThread "DestroyJavaVM" [_thread_blocked, id=2088, stack(0x0000000002440000,0x0000000002540000)]
=>0x00000000570f1800 JavaThread "AWT-EventQueue-0" [_thread_in_native, id=3152, stack(0x0000000058190000,0x0000000058290000)]
  0x0000000056fc0800 JavaThread "AWT-Windows" daemon [_thread_in_native, id=2620, stack(0x0000000057c30000,0x0000000057d30000)]
  0x0000000056fbe000 JavaThread "AWT-Shutdown" [_thread_blocked, id=1424, stack(0x00000000577b0000,0x00000000578b0000)]
  0x0000000056fbd800 JavaThread "Java2D Disposer" daemon [_thread_blocked, id=580, stack(0x0000000057940000,0x0000000057a40000)]
  0x000000005684a000 JavaThread "Service Thread" daemon [_thread_blocked, id=1760, stack(0x0000000056ea0000,0x0000000056fa0000)]
  0x00000000567c0800 JavaThread "C1 CompilerThread2" daemon [_thread_blocked, id=3756, stack(0x0000000056d70000,0x0000000056e70000)]
  0x0000000054c8f000 JavaThread "C2 CompilerThread1" daemon [_thread_blocked, id=1584, stack(0x00000000566c0000,0x00000000567c0000)]
  0x0000000054c8a000 JavaThread "C2 CompilerThread0" daemon [_thread_blocked, id=3736, stack(0x0000000056510000,0x0000000056610000)]
  0x0000000054c88800 JavaThread "Attach Listener" daemon [_thread_blocked, id=3360, stack(0x0000000056340000,0x0000000056440000)]
  0x0000000054c85800 JavaThread "Signal Dispatcher" daemon [_thread_blocked, id=2900, stack(0x0000000055e80000,0x0000000055f80000)]
  0x0000000054c2a000 JavaThread "Finalizer" daemon [_thread_blocked, id=4068, stack(0x0000000056160000,0x0000000056260000)]
  0x0000000054c23000 JavaThread "Reference Handler" daemon [_thread_blocked, id=1704, stack(0x0000000055fd0000,0x00000000560d0000)]

Other Threads:
  0x0000000054c1d800 VMThread [stack: 0x0000000055d30000,0x0000000055e30000] [id=592]
  0x0000000056857000 WatcherThread [stack: 0x0000000056c70000,0x0000000056d70000] [id=2680]

VM state:not at safepoint (normal execution)

VM Mutex/Monitor currently owned by a thread: None

Heap:
 PSYoungGen      total 17920K, used 5274K [0x00000000ec400000, 0x00000000ed800000, 0x0000000100000000)
  eden space 15360K, 17% used [0x00000000ec400000,0x00000000ec6a76c0,0x00000000ed300000)
  from space 2560K, 99% used [0x00000000ed580000,0x00000000ed7ff450,0x00000000ed800000)
  to   space 2560K, 0% used [0x00000000ed300000,0x00000000ed300000,0x00000000ed580000)
 ParOldGen       total 40960K, used 10184K [0x00000000c4c00000, 0x00000000c7400000, 0x00000000ec400000)
  object space 40960K, 24% used [0x00000000c4c00000,0x00000000c55f21f8,0x00000000c7400000)
 Metaspace       used 16026K, capacity 16216K, committed 16512K, reserved 1062912K
  class space    used 2040K, capacity 2099K, committed 2176K, reserved 1048576K

Card table byte_map: [0x0000000011bd0000,0x0000000011db0000] byte_map_base: 0x00000000115aa000

Marking Bits: (ParMarkBitMap*) 0x0000000073944040
 Begin Bits: [0x0000000012310000, 0x00000000131e0000)
 End Bits:   [0x00000000131e0000, 0x00000000140b0000)

Polling page: 0x0000000000130000

CodeCache: size=245760Kb used=5727Kb max_used=5727Kb free=240032Kb
 bounds [0x0000000002810000, 0x0000000002db0000, 0x0000000011810000]
 total_blobs=2313 nmethods=1781 adapters=444
 compilation: enabled

Compilation events (10 events):
Event: 17.499 Thread 0x00000000567c0800 nmethod 1786 0x0000000002da7890 code [0x0000000002da79e0, 0x0000000002da7b30]
Event: 17.499 Thread 0x00000000567c0800 1784       3       java.lang.ref.Finalizer::register (10 bytes)
Event: 17.499 Thread 0x00000000567c0800 nmethod 1784 0x0000000002da7c10 code [0x0000000002da7da0, 0x0000000002da81c8]
Event: 17.499 Thread 0x00000000567c0800 1785       3       java.lang.ref.Finalizer::<init> (23 bytes)
Event: 17.500 Thread 0x00000000567c0800 nmethod 1785 0x0000000002da8390 code [0x0000000002da8520, 0x0000000002da8888]
Event: 17.501 Thread 0x00000000567c0800 1787       1       java.awt.Window::getTemporaryLostComponent (5 bytes)
Event: 17.501 Thread 0x00000000567c0800 nmethod 1787 0x0000000002da89d0 code [0x0000000002da8b20, 0x0000000002da8c30]
Event: 17.501 Thread 0x00000000567c0800 1788       1       java.util.WeakHashMap::indexFor (6 bytes)
Event: 17.502 Thread 0x00000000567c0800 nmethod 1788 0x0000000002da8c90 code [0x0000000002da8de0, 0x0000000002da8ed0]
Event: 17.502 Thread 0x00000000567c0800 1789  s    3       javax.swing.RepaintManager::addInvalidComponent (111 bytes)

GC Heap History (4 events):
Event: 0.522 GC heap before
{Heap before GC invocations=1 (full 0):
 PSYoungGen      total 17920K, used 15360K [0x00000000ec400000, 0x00000000ed800000, 0x0000000100000000)
  eden space 15360K, 100% used [0x00000000ec400000,0x00000000ed300000,0x00000000ed300000)
  from space 2560K, 0% used [0x00000000ed580000,0x00000000ed580000,0x00000000ed800000)
  to   space 2560K, 0% used [0x00000000ed300000,0x00000000ed300000,0x00000000ed580000)
 ParOldGen       total 40960K, used 0K [0x00000000c4c00000, 0x00000000c7400000, 0x00000000ec400000)
  object space 40960K, 0% used [0x00000000c4c00000,0x00000000c4c00000,0x00000000c7400000)
 Metaspace       used 12078K, capacity 12292K, committed 12416K, reserved 1060864K
  class space    used 1538K, capacity 1604K, committed 1664K, reserved 1048576K
Event: 0.526 GC heap after
Heap after GC invocations=1 (full 0):
 PSYoungGen      total 17920K, used 2534K [0x00000000ec400000, 0x00000000ed800000, 0x0000000100000000)
  eden space 15360K, 0% used [0x00000000ec400000,0x00000000ec400000,0x00000000ed300000)
  from space 2560K, 99% used [0x00000000ed300000,0x00000000ed579b38,0x00000000ed580000)
  to   space 2560K, 0% used [0x00000000ed580000,0x00000000ed580000,0x00000000ed800000)
 ParOldGen       total 40960K, used 1166K [0x00000000c4c00000, 0x00000000c7400000, 0x00000000ec400000)
  object space 40960K, 2% used [0x00000000c4c00000,0x00000000c4d23910,0x00000000c7400000)
 Metaspace       used 12078K, capacity 12292K, committed 12416K, reserved 1060864K
  class space    used 1538K, capacity 1604K, committed 1664K, reserved 1048576K
}
Event: 12.855 GC heap before
{Heap before GC invocations=2 (full 0):
 PSYoungGen      total 17920K, used 17892K [0x00000000ec400000, 0x00000000ed800000, 0x0000000100000000)
  eden space 15360K, 99% used [0x00000000ec400000,0x00000000ed2ff678,0x00000000ed300000)
  from space 2560K, 99% used [0x00000000ed300000,0x00000000ed579b38,0x00000000ed580000)
  to   space 2560K, 0% used [0x00000000ed580000,0x00000000ed580000,0x00000000ed800000)
 ParOldGen       total 40960K, used 1166K [0x00000000c4c00000, 0x00000000c7400000, 0x00000000ec400000)
  object space 40960K, 2% used [0x00000000c4c00000,0x00000000c4d23910,0x00000000c7400000)
 Metaspace       used 15702K, capacity 15888K, committed 16256K, reserved 1062912K
  class space    used 2036K, capacity 2099K, committed 2176K, reserved 1048576K
Event: 12.861 GC heap after
Heap after GC invocations=2 (full 0):
 PSYoungGen      total 17920K, used 2557K [0x00000000ec400000, 0x00000000ed800000, 0x0000000100000000)
  eden space 15360K, 0% used [0x00000000ec400000,0x00000000ec400000,0x00000000ed300000)
  from space 2560K, 99% used [0x00000000ed580000,0x00000000ed7ff450,0x00000000ed800000)
  to   space 2560K, 0% used [0x00000000ed300000,0x00000000ed300000,0x00000000ed580000)
 ParOldGen       total 40960K, used 10184K [0x00000000c4c00000, 0x00000000c7400000, 0x00000000ec400000)
  object space 40960K, 24% used [0x00000000c4c00000,0x00000000c55f21f8,0x00000000c7400000)
 Metaspace       used 15702K, capacity 15888K, committed 16256K, reserved 1062912K
  class space    used 2036K, capacity 2099K, committed 2176K, reserved 1048576K
}

Deoptimization events (10 events):
Event: 3.109 Thread 0x00000000570f1800 Uncommon trap: reason=unstable_if action=reinterpret pc=0x0000000002aaeb80 method=java.lang.ThreadLocal$ThreadLocalMap.getEntry(Ljava/lang/ThreadLocal;)Ljava/lang/ThreadLocal$ThreadLocalMap$Entry; @ 21
Event: 3.152 Thread 0x00000000570f1800 Uncommon trap: reason=unstable_if action=reinterpret pc=0x0000000002a8aec8 method=java.io.WinNTFileSystem.normalize(Ljava/lang/String;)Ljava/lang/String; @ 128
Event: 3.157 Thread 0x00000000570f1800 Uncommon trap: reason=unstable_if action=reinterpret pc=0x0000000002ad67dc method=java.lang.String.indexOf([CII[CIII)I @ 3
Event: 3.160 Thread 0x00000000570f1800 Uncommon trap: reason=class_check action=maybe_recompile pc=0x00000000029f13f8 method=java.util.HashMap.putVal(ILjava/lang/Object;Ljava/lang/Object;ZZ)Ljava/lang/Object; @ 253
Event: 3.160 Thread 0x00000000570f1800 Uncommon trap: reason=class_check action=maybe_recompile pc=0x00000000029f13f8 method=java.util.HashMap.putVal(ILjava/lang/Object;Ljava/lang/Object;ZZ)Ljava/lang/Object; @ 253
Event: 3.160 Thread 0x00000000570f1800 Uncommon trap: reason=class_check action=maybe_recompile pc=0x00000000029f13f8 method=java.util.HashMap.putVal(ILjava/lang/Object;Ljava/lang/Object;ZZ)Ljava/lang/Object; @ 253
Event: 3.160 Thread 0x00000000570f1800 Uncommon trap: reason=class_check action=maybe_recompile pc=0x00000000029f13f8 method=java.util.HashMap.putVal(ILjava/lang/Object;Ljava/lang/Object;ZZ)Ljava/lang/Object; @ 253
Event: 3.400 Thread 0x00000000573ae000 Uncommon trap: reason=unstable_if action=reinterpret pc=0x0000000002b69a6c method=sun.security.provider.SeedGenerator$ThreadedSeedGenerator.run()V @ 118
Event: 8.334 Thread 0x00000000570f1800 Uncommon trap: reason=unstable_if action=reinterpret pc=0x0000000002b8a7c0 method=org.sqlite.SQLiteJDBCLoader.contentsEquals(Ljava/io/InputStream;Ljava/io/InputStream;)Z @ 39
Event: 10.412 Thread 0x00000000570f1800 Uncommon trap: reason=unstable_if action=reinterpret pc=0x0000000002b6d7e0 method=javax.swing.plaf.nimbus.DerivedColor.equals(Ljava/lang/Object;)Z @ 77

Internal exceptions (10 events):
Event: 0.232 Thread 0x00000000003bf000 Exception <a 'java/lang/ClassNotFoundException': ToggleButton> (0x00000000ec7dd938) thrown at [C:\re\workspace\8-2-build-windows-amd64-cygwin\jdk8u51\3951\hotspot\src\share\vm\classfile\systemDictionary.cpp, line 210]
Event: 0.232 Thread 0x00000000003bf000 Exception <a 'java/lang/ClassNotFoundException': javax/swing/JToolBarSeparator> (0x00000000ec7ddd40) thrown at [C:\re\workspace\8-2-build-windows-amd64-cygwin\jdk8u51\3951\hotspot\src\share\vm\classfile\systemDictionary.cpp, line 210]
Event: 0.232 Thread 0x00000000003bf000 Exception <a 'java/lang/ClassNotFoundException': ToolBarSeparator> (0x00000000ec7de180) thrown at [C:\re\workspace\8-2-build-windows-amd64-cygwin\jdk8u51\3951\hotspot\src\share\vm\classfile\systemDictionary.cpp, line 210]
Event: 0.232 Thread 0x00000000003bf000 Exception <a 'java/lang/ClassNotFoundException': ToolTip> (0x00000000ec7de868) thrown at [C:\re\workspace\8-2-build-windows-amd64-cygwin\jdk8u51\3951\hotspot\src\share\vm\classfile\systemDictionary.cpp, line 210]
Event: 0.233 Thread 0x00000000003bf000 Exception <a 'java/lang/ClassNotFoundException': Tree> (0x00000000ec7df430) thrown at [C:\re\workspace\8-2-build-windows-amd64-cygwin\jdk8u51\3951\hotspot\src\share\vm\classfile\systemDictionary.cpp, line 210]
Event: 0.233 Thread 0x00000000003bf000 Exception <a 'java/lang/ClassNotFoundException': Tree> (0x00000000ec7dfb18) thrown at [C:\re\workspace\8-2-build-windows-amd64-cygwin\jdk8u51\3951\hotspot\src\share\vm\classfile\systemDictionary.cpp, line 210]
Event: 0.233 Thread 0x00000000003bf000 Exception <a 'java/lang/ClassNotFoundException': javax/swing/JTreeCell> (0x00000000ec7dfe40) thrown at [C:\re\workspace\8-2-build-windows-amd64-cygwin\jdk8u51\3951\hotspot\src\share\vm\classfile\systemDictionary.cpp, line 210]
Event: 0.233 Thread 0x00000000003bf000 Exception <a 'java/lang/ClassNotFoundException': TreeCell> (0x00000000ec7e0270) thrown at [C:\re\workspace\8-2-build-windows-amd64-cygwin\jdk8u51\3951\hotspot\src\share\vm\classfile\systemDictionary.cpp, line 210]
Event: 0.233 Thread 0x00000000003bf000 Exception <a 'java/lang/ClassNotFoundException': RootPane> (0x00000000ec7e0c78) thrown at [C:\re\workspace\8-2-build-windows-amd64-cygwin\jdk8u51\3951\hotspot\src\share\vm\classfile\systemDictionary.cpp, line 210]
Event: 3.109 Thread 0x00000000570f1800 Implicit null exception at 0x0000000002aaeaeb to 0x0000000002aaeb61

Events (10 events):
Event: 14.559 Thread 0x00000000567c0800 flushing nmethod 0x00000000029111d0
Event: 14.559 Thread 0x00000000567c0800 flushing nmethod 0x0000000002911910
Event: 14.559 Thread 0x00000000567c0800 flushing nmethod 0x0000000002912f50
Event: 14.559 Thread 0x00000000567c0800 flushing nmethod 0x00000000029133d0
Event: 14.559 Thread 0x00000000567c0800 flushing nmethod 0x000000000291fd50
Event: 14.559 Thread 0x00000000567c0800 flushing nmethod 0x000000000292fb10
Event: 14.559 Thread 0x00000000567c0800 flushing nmethod 0x000000000294e590
Event: 14.608 Thread 0x00000000567c0800 flushing nmethod 0x000000000299ae50
Event: 14.932 loading class net/proteanit/sql/DbUtils
Event: 14.932 loading class net/proteanit/sql/DbUtils done


Dynamic libraries:
0x000000013f690000 - 0x000000013f6c7000 	C:\Program Files\Java\jdk1.8.0_51\bin\java.exe
0x00000000775d0000 - 0x0000000077779000 	C:\Windows\SYSTEM32\ntdll.dll
0x00000000773b0000 - 0x00000000774cf000 	C:\Windows\system32\kernel32.dll
0x000007fefd4a0000 - 0x000007fefd50c000 	C:\Windows\system32\KERNELBASE.dll
0x000007feff350000 - 0x000007feff42b000 	C:\Windows\system32\ADVAPI32.dll
0x000007feff810000 - 0x000007feff8af000 	C:\Windows\system32\msvcrt.dll
0x000007feff430000 - 0x000007feff44f000 	C:\Windows\SYSTEM32\sechost.dll
0x000007feff450000 - 0x000007feff57d000 	C:\Windows\system32\RPCRT4.dll
0x00000000774d0000 - 0x00000000775ca000 	C:\Windows\system32\USER32.dll
0x000007feff260000 - 0x000007feff2c7000 	C:\Windows\system32\GDI32.dll
0x000007fefef60000 - 0x000007fefef6e000 	C:\Windows\system32\LPK.dll
0x000007fefee40000 - 0x000007fefef09000 	C:\Windows\system32\USP10.dll
0x000007fefbd90000 - 0x000007fefbf84000 	C:\Windows\WinSxS\amd64_microsoft.windows.common-controls_6595b64144ccf1df_6.0.7601.17514_none_fa396087175ac9ac\COMCTL32.dll
0x000007feff2d0000 - 0x000007feff341000 	C:\Windows\system32\SHLWAPI.dll
0x000007feff8b0000 - 0x000007feff8de000 	C:\Windows\system32\IMM32.DLL
0x000007fefef70000 - 0x000007feff079000 	C:\Windows\system32\MSCTF.dll
0x0000000074790000 - 0x0000000074862000 	C:\Program Files\Java\jdk1.8.0_51\jre\bin\msvcr100.dll
0x0000000073140000 - 0x00000000739c3000 	C:\Program Files\Java\jdk1.8.0_51\jre\bin\server\jvm.dll
0x000007fefbc50000 - 0x000007fefbc59000 	C:\Windows\system32\WSOCK32.dll
0x000007fefef10000 - 0x000007fefef5d000 	C:\Windows\system32\WS2_32.dll
0x000007fefed10000 - 0x000007fefed18000 	C:\Windows\system32\NSI.dll
0x000007fef8310000 - 0x000007fef834b000 	C:\Windows\system32\WINMM.dll
0x000007fefc4f0000 - 0x000007fefc4fc000 	C:\Windows\system32\VERSION.dll
0x00000000777a0000 - 0x00000000777a7000 	C:\Windows\system32\PSAPI.DLL
0x0000000074780000 - 0x000000007478f000 	C:\Program Files\Java\jdk1.8.0_51\jre\bin\verify.dll
0x0000000074750000 - 0x0000000074779000 	C:\Program Files\Java\jdk1.8.0_51\jre\bin\java.dll
0x00000000746d0000 - 0x00000000746e6000 	C:\Program Files\Java\jdk1.8.0_51\jre\bin\zip.dll
0x000007fefd9e0000 - 0x000007fefe768000 	C:\Windows\system32\SHELL32.dll
0x000007fefd7d0000 - 0x000007fefd9d3000 	C:\Windows\system32\ole32.dll
0x000007fefd420000 - 0x000007fefd42f000 	C:\Windows\system32\profapi.dll
0x0000000072fa0000 - 0x0000000073138000 	C:\Program Files\Java\jdk1.8.0_51\jre\bin\awt.dll
0x000007fefe9a0000 - 0x000007fefea77000 	C:\Windows\system32\OLEAUT32.dll
0x000007fefbbe0000 - 0x000007fefbc36000 	C:\Windows\system32\uxtheme.dll
0x000007fefc3a0000 - 0x000007fefc3b8000 	C:\Windows\system32\dwmapi.dll
0x000007fefd270000 - 0x000007fefd27f000 	C:\Windows\system32\CRYPTBASE.dll
0x0000000074450000 - 0x0000000074497000 	C:\Program Files\Java\jdk1.8.0_51\jre\bin\fontmanager.dll
0x000007feff770000 - 0x000007feff809000 	C:\Windows\system32\CLBCatQ.DLL
0x000007fefb280000 - 0x000007fefb3e1000 	C:\Windows\system32\WindowsCodecs.dll
0x000007fefd210000 - 0x000007fefd267000 	C:\Windows\system32\apphelp.dll
0x000007fefc1e0000 - 0x000007fefc215000 	C:\Windows\system32\EhStorShell.dll
0x000007feff080000 - 0x000007feff257000 	C:\Windows\system32\SETUPAPI.dll
0x000007fefd430000 - 0x000007fefd466000 	C:\Windows\system32\CFGMGR32.dll
0x000007fefd470000 - 0x000007fefd48a000 	C:\Windows\system32\DEVOBJ.dll
0x000007fefc0b0000 - 0x000007fefc1dc000 	C:\Windows\system32\PROPSYS.dll
0x000007fef6cd0000 - 0x000007fef7341000 	C:\PROGRA~1\MICROS~1\Office14\GROOVEEX.DLL
0x00000000750b0000 - 0x0000000075153000 	C:\Windows\WinSxS\amd64_microsoft.vc90.crt_1fc8b3b9a1e18e3b_9.0.30729.6161_none_08e61857a83bc251\MSVCR90.dll
0x0000000074fd0000 - 0x00000000750a3000 	C:\Windows\WinSxS\amd64_microsoft.vc90.crt_1fc8b3b9a1e18e3b_9.0.30729.6161_none_08e61857a83bc251\MSVCP90.dll
0x0000000074fa0000 - 0x0000000074fcf000 	C:\Windows\WinSxS\amd64_microsoft.vc90.atl_1fc8b3b9a1e18e3b_9.0.30729.6161_none_0a1fd3a3a768b895\ATL90.DLL
0x000007fef68c0000 - 0x000007fef6ccf000 	C:\PROGRA~1\COMMON~1\MICROS~1\OFFICE14\Cultures\office.odf
0x000007fef6050000 - 0x000007fef68b4000 	C:\PROGRA~1\MICROS~1\Office14\1033\GrooveIntlResource.dll
0x000007fefabe0000 - 0x000007fefac5e000 	C:\Windows\System32\cscui.dll
0x000007fefb830000 - 0x000007fefb83c000 	C:\Windows\System32\CSCDLL.dll
0x000007fef8660000 - 0x000007fef866f000 	C:\Windows\system32\CSCAPI.dll
0x000007fefa9f0000 - 0x000007fefaa70000 	C:\Windows\system32\ntshrui.dll
0x000007fefce90000 - 0x000007fefceb3000 	C:\Windows\system32\srvcli.dll
0x000007fefb560000 - 0x000007fefb56b000 	C:\Windows\system32\slc.dll
0x00000000744c0000 - 0x00000000744da000 	C:\Program Files\Java\jdk1.8.0_51\jre\bin\net.dll
0x000007fefcbb0000 - 0x000007fefcc05000 	C:\Windows\system32\mswsock.dll
0x000007fefcba0000 - 0x000007fefcba7000 	C:\Windows\System32\wship6.dll
0x00000000744a0000 - 0x00000000744b1000 	C:\Program Files\Java\jdk1.8.0_51\jre\bin\nio.dll
0x0000000073e10000 - 0x0000000073e52000 	C:\Program Files\Java\jdk1.8.0_51\jre\bin\t2k.dll
0x000000006f6a0000 - 0x000000006f6ca000 	C:\Program Files\Java\jdk1.8.0_51\jre\bin\dcpr.dll
0x000007fefcc10000 - 0x000007fefcc27000 	C:\Windows\system32\CRYPTSP.dll
0x000007fefc910000 - 0x000007fefc957000 	C:\Windows\system32\rsaenh.dll
0x000007fefd510000 - 0x000007fefd52e000 	C:\Windows\system32\USERENV.dll
0x000007fefb1b0000 - 0x000007fefb1d7000 	C:\Windows\system32\IPHLPAPI.DLL
0x000007fefb1a0000 - 0x000007fefb1ab000 	C:\Windows\system32\WINNSI.DLL
0x000007fefafb0000 - 0x000007fefafc1000 	C:\Windows\system32\dhcpcsvc6.DLL
0x000007fefada0000 - 0x000007fefadb8000 	C:\Windows\system32\dhcpcsvc.DLL
0x000000006d580000 - 0x000000006d63d000 	D:\Users\TEMP.PCLABS.009\AppData\Local\Temp\sqlite-3.8.11.2-2cc3dc9d-88fd-41cc-99c0-91e38117d72a-sqlitejdbc.dll
0x000007fef3130000 - 0x000007fef3255000 	C:\Windows\system32\dbghelp.dll

VM Arguments:
jvm_args: -Dfile.encoding=UTF-8 
java_command: Login
java_class_path (initial): C:\Program Files\NetBeans 8.0.2\java\modules\ext\AbsoluteLayout.jar;D:\Users\TEMP.PCLABS.009\Desktop\masaustu\DocsOn\dist\lib\mysql-connector-java-5.1.23-bin.jar;D:\Users\TEMP.PCLABS.009\Desktop\masaustu\DocsOn\dist\lib\sqlite-jdbc-3.8.11.2.jar;D:\Users\TEMP.PCLABS.009\Desktop\masaustu\DocsOn\dist\lib\rs2xml.jar;D:\Users\TEMP.PCLABS.009\Desktop\masaustu\DocsOn\build\classes
Launcher Type: SUN_STANDARD

Environment Variables:
CLASSPATH=C:\xpressmp\lib\xprs.jar;C:\xpressmp\lib\xprb.jar;C:\xpressmp\lib\xprm.jar;
PATH=C:\xpressmp\bin;C:\Program Files (x86)\NVIDIA Corporation\PhysX\Common;C:\Program Files (x86)\Rockwell Software\RSCommon;C:\ProgramData\Oracle\Java\javapath;C:\Windows\system32;C:\Windows;C:\Windows\System32\Wbem;C:\Windows\System32\WindowsPowerShell\v1.0\;C:\Program Files\MATLAB\R2015a\runtime\win64;C:\Program Files\MATLAB\R2015a\bin
USERNAME=mert.donmezyurek-ug
OS=Windows_NT
PROCESSOR_IDENTIFIER=Intel64 Family 6 Model 58 Stepping 9, GenuineIntel



---------------  S Y S T E M  ---------------

OS: Windows 7 , 64 bit Build 7601 (6.1.7601.17932)

CPU:total 4 (4 cores per cpu, 1 threads per core) family 6 model 58 stepping 9, cmov, cx8, fxsr, mmx, sse, sse2, sse3, ssse3, sse4.1, sse4.2, popcnt, avx, aes, clmul, erms, tsc, tscinvbit, tscinv

Memory: 4k page, physical 3881000k(1381096k free), swap 7760148k(5123956k free)

vm_info: Java HotSpot(TM) 64-Bit Server VM (25.51-b03) for windows-amd64 JRE (1.8.0_51-b16), built on Jun  8 2015 18:03:07 by "java_re" with MS VC++ 10.0 (VS2010)

time: Mon Dec 21 19:51:41 2015
elapsed time: 17 seconds (0d 0h 0m 17s)

